Determining if the pthread_create exist failed with the following output:
Change Dir: /home/haoran/US_UR3/build_isolated/jog_msgs/CMakeFiles/CMakeTmp

Run Build Command:"/usr/bin/make" "cmTC_37fde/fast"
/usr/bin/make -f CMakeFiles/cmTC_37fde.dir/build.make CMakeFiles/cmTC_37fde.dir/build
make[1]: Entering directory '/home/haoran/US_UR3/build_isolated/jog_msgs/CMakeFiles/CMakeTmp'
Building C object CMakeFiles/cmTC_37fde.dir/CheckSymbolExists.c.o
/usr/bin/cc     -o CMakeFiles/cmTC_37fde.dir/CheckSymbolExists.c.o   -c /home/haoran/US_UR3/build_isolated/jog_msgs/CMakeFiles/CMakeTmp/CheckSymbolExists.c
Linking C executable cmTC_37fde
/usr/bin/cmake -E cmake_link_script CMakeFiles/cmTC_37fde.dir/link.txt --verbose=1
/usr/bin/cc       CMakeFiles/cmTC_37fde.dir/CheckSymbolExists.c.o  -o cmTC_37fde -rdynamic 
CMakeFiles/cmTC_37fde.dir/CheckSymbolExists.c.o: In function `main':
CheckSymbolExists.c:(.text+0x16): undefined reference to `pthread_create'
collect2: error: ld returned 1 exit status
CMakeFiles/cmTC_37fde.dir/build.make:97: recipe for target 'cmTC_37fde' failed
make[1]: *** [cmTC_37fde] Error 1
make[1]: Leaving directory '/home/haoran/US_UR3/build_isolated/jog_msgs/CMakeFiles/CMakeTmp'
Makefile:126: recipe for target 'cmTC_37fde/fast' failed
make: *** [cmTC_37fde/fast] Error 2

File /home/haoran/US_UR3/build_isolated/jog_msgs/CMakeFiles/CMakeTmp/CheckSymbolExists.c:
/* */
#include <pthread.h>

int main(int argc, char** argv)
{
  (void)argv;
#ifndef pthread_create
  return ((int*)(&pthread_create))[argc];
#else
  (void)argc;
  return 0;
#endif
}

Determining if the function pthread_create exists in the pthreads failed with the following output:
Change Dir: /home/haoran/US_UR3/build_isolated/jog_msgs/CMakeFiles/CMakeTmp

Run Build Command:"/usr/bin/make" "cmTC_143ec/fast"
/usr/bin/make -f CMakeFiles/cmTC_143ec.dir/build.make CMakeFiles/cmTC_143ec.dir/build
make[1]: Entering directory '/home/haoran/US_UR3/build_isolated/jog_msgs/CMakeFiles/CMakeTmp'
Building C object CMakeFiles/cmTC_143ec.dir/CheckFunctionExists.c.o
/usr/bin/cc    -DCHECK_FUNCTION_EXISTS=pthread_create   -o CMakeFiles/cmTC_143ec.dir/CheckFunctionExists.c.o   -c /usr/share/cmake-3.5/Modules/CheckFunctionExists.c
Linking C executable cmTC_143ec
/usr/bin/cmake -E cmake_link_script CMakeFiles/cmTC_143ec.dir/link.txt --verbose=1
/usr/bin/cc   -DCHECK_FUNCTION_EXISTS=pthread_create    CMakeFiles/cmTC_143ec.dir/CheckFunctionExists.c.o  -o cmTC_143ec -rdynamic -lpthreads 
/usr/bin/ld: cannot find -lpthreads
collect2: error: ld returned 1 exit status
CMakeFiles/cmTC_143ec.dir/build.make:97: recipe for target 'cmTC_143ec' failed
make[1]: *** [cmTC_143ec] Error 1
make[1]: Leaving directory '/home/haoran/US_UR3/build_isolated/jog_msgs/CMakeFiles/CMakeTmp'
Makefile:126: recipe for target 'cmTC_143ec/fast' failed
make: *** [cmTC_143ec/fast] Error 2


