Determining if the pthread_create exist failed with the following output:
Change Dir: /home/haoran/US_UR3/build_isolated/moveit_commander/CMakeFiles/CMakeTmp

Run Build Command:"/usr/bin/make" "cmTC_8d759/fast"
/usr/bin/make -f CMakeFiles/cmTC_8d759.dir/build.make CMakeFiles/cmTC_8d759.dir/build
make[1]: Entering directory '/home/haoran/US_UR3/build_isolated/moveit_commander/CMakeFiles/CMakeTmp'
Building C object CMakeFiles/cmTC_8d759.dir/CheckSymbolExists.c.o
/usr/bin/cc     -o CMakeFiles/cmTC_8d759.dir/CheckSymbolExists.c.o   -c /home/haoran/US_UR3/build_isolated/moveit_commander/CMakeFiles/CMakeTmp/CheckSymbolExists.c
Linking C executable cmTC_8d759
/usr/bin/cmake -E cmake_link_script CMakeFiles/cmTC_8d759.dir/link.txt --verbose=1
/usr/bin/cc       CMakeFiles/cmTC_8d759.dir/CheckSymbolExists.c.o  -o cmTC_8d759 -rdynamic 
CMakeFiles/cmTC_8d759.dir/CheckSymbolExists.c.o: In function `main':
CheckSymbolExists.c:(.text+0x16): undefined reference to `pthread_create'
collect2: error: ld returned 1 exit status
CMakeFiles/cmTC_8d759.dir/build.make:97: recipe for target 'cmTC_8d759' failed
make[1]: *** [cmTC_8d759] Error 1
make[1]: Leaving directory '/home/haoran/US_UR3/build_isolated/moveit_commander/CMakeFiles/CMakeTmp'
Makefile:126: recipe for target 'cmTC_8d759/fast' failed
make: *** [cmTC_8d759/fast] Error 2

File /home/haoran/US_UR3/build_isolated/moveit_commander/CMakeFiles/CMakeTmp/CheckSymbolExists.c:
/* */
#include <pthread.h>

int main(int argc, char** argv)
{
  (void)argv;
#ifndef pthread_create
  return ((int*)(&pthread_create))[argc];
#else
  (void)argc;
  return 0;
#endif
}

Determining if the function pthread_create exists in the pthreads failed with the following output:
Change Dir: /home/haoran/US_UR3/build_isolated/moveit_commander/CMakeFiles/CMakeTmp

Run Build Command:"/usr/bin/make" "cmTC_ed922/fast"
/usr/bin/make -f CMakeFiles/cmTC_ed922.dir/build.make CMakeFiles/cmTC_ed922.dir/build
make[1]: Entering directory '/home/haoran/US_UR3/build_isolated/moveit_commander/CMakeFiles/CMakeTmp'
Building C object CMakeFiles/cmTC_ed922.dir/CheckFunctionExists.c.o
/usr/bin/cc    -DCHECK_FUNCTION_EXISTS=pthread_create   -o CMakeFiles/cmTC_ed922.dir/CheckFunctionExists.c.o   -c /usr/share/cmake-3.5/Modules/CheckFunctionExists.c
Linking C executable cmTC_ed922
/usr/bin/cmake -E cmake_link_script CMakeFiles/cmTC_ed922.dir/link.txt --verbose=1
/usr/bin/cc   -DCHECK_FUNCTION_EXISTS=pthread_create    CMakeFiles/cmTC_ed922.dir/CheckFunctionExists.c.o  -o cmTC_ed922 -rdynamic -lpthreads 
/usr/bin/ld: cannot find -lpthreads
collect2: error: ld returned 1 exit status
CMakeFiles/cmTC_ed922.dir/build.make:97: recipe for target 'cmTC_ed922' failed
make[1]: *** [cmTC_ed922] Error 1
make[1]: Leaving directory '/home/haoran/US_UR3/build_isolated/moveit_commander/CMakeFiles/CMakeTmp'
Makefile:126: recipe for target 'cmTC_ed922/fast' failed
make: *** [cmTC_ed922/fast] Error 2


