Determining if the pthread_create exist failed with the following output:
Change Dir: /home/haoran/US_UR3/build_isolated/controller_interface/CMakeFiles/CMakeTmp

Run Build Command:"/usr/bin/make" "cmTC_15cb6/fast"
/usr/bin/make -f CMakeFiles/cmTC_15cb6.dir/build.make CMakeFiles/cmTC_15cb6.dir/build
make[1]: Entering directory '/home/haoran/US_UR3/build_isolated/controller_interface/CMakeFiles/CMakeTmp'
Building C object CMakeFiles/cmTC_15cb6.dir/CheckSymbolExists.c.o
/usr/bin/cc     -o CMakeFiles/cmTC_15cb6.dir/CheckSymbolExists.c.o   -c /home/haoran/US_UR3/build_isolated/controller_interface/CMakeFiles/CMakeTmp/CheckSymbolExists.c
Linking C executable cmTC_15cb6
/usr/bin/cmake -E cmake_link_script CMakeFiles/cmTC_15cb6.dir/link.txt --verbose=1
/usr/bin/cc       CMakeFiles/cmTC_15cb6.dir/CheckSymbolExists.c.o  -o cmTC_15cb6 -rdynamic 
CMakeFiles/cmTC_15cb6.dir/CheckSymbolExists.c.o: In function `main':
CheckSymbolExists.c:(.text+0x16): undefined reference to `pthread_create'
collect2: error: ld returned 1 exit status
CMakeFiles/cmTC_15cb6.dir/build.make:97: recipe for target 'cmTC_15cb6' failed
make[1]: *** [cmTC_15cb6] Error 1
make[1]: Leaving directory '/home/haoran/US_UR3/build_isolated/controller_interface/CMakeFiles/CMakeTmp'
Makefile:126: recipe for target 'cmTC_15cb6/fast' failed
make: *** [cmTC_15cb6/fast] Error 2

File /home/haoran/US_UR3/build_isolated/controller_interface/CMakeFiles/CMakeTmp/CheckSymbolExists.c:
/* */
#include <pthread.h>

int main(int argc, char** argv)
{
  (void)argv;
#ifndef pthread_create
  return ((int*)(&pthread_create))[argc];
#else
  (void)argc;
  return 0;
#endif
}

Determining if the function pthread_create exists in the pthreads failed with the following output:
Change Dir: /home/haoran/US_UR3/build_isolated/controller_interface/CMakeFiles/CMakeTmp

Run Build Command:"/usr/bin/make" "cmTC_cb24b/fast"
/usr/bin/make -f CMakeFiles/cmTC_cb24b.dir/build.make CMakeFiles/cmTC_cb24b.dir/build
make[1]: Entering directory '/home/haoran/US_UR3/build_isolated/controller_interface/CMakeFiles/CMakeTmp'
Building C object CMakeFiles/cmTC_cb24b.dir/CheckFunctionExists.c.o
/usr/bin/cc    -DCHECK_FUNCTION_EXISTS=pthread_create   -o CMakeFiles/cmTC_cb24b.dir/CheckFunctionExists.c.o   -c /usr/share/cmake-3.5/Modules/CheckFunctionExists.c
Linking C executable cmTC_cb24b
/usr/bin/cmake -E cmake_link_script CMakeFiles/cmTC_cb24b.dir/link.txt --verbose=1
/usr/bin/cc   -DCHECK_FUNCTION_EXISTS=pthread_create    CMakeFiles/cmTC_cb24b.dir/CheckFunctionExists.c.o  -o cmTC_cb24b -rdynamic -lpthreads 
/usr/bin/ld: cannot find -lpthreads
collect2: error: ld returned 1 exit status
CMakeFiles/cmTC_cb24b.dir/build.make:97: recipe for target 'cmTC_cb24b' failed
make[1]: *** [cmTC_cb24b] Error 1
make[1]: Leaving directory '/home/haoran/US_UR3/build_isolated/controller_interface/CMakeFiles/CMakeTmp'
Makefile:126: recipe for target 'cmTC_cb24b/fast' failed
make: *** [cmTC_cb24b/fast] Error 2


