Determining if the pthread_create exist failed with the following output:
Change Dir: /home/haoran/US_UR3/build_isolated/combined_robot_hw/CMakeFiles/CMakeTmp

Run Build Command:"/usr/bin/make" "cmTC_a34ef/fast"
/usr/bin/make -f CMakeFiles/cmTC_a34ef.dir/build.make CMakeFiles/cmTC_a34ef.dir/build
make[1]: Entering directory '/home/haoran/US_UR3/build_isolated/combined_robot_hw/CMakeFiles/CMakeTmp'
Building C object CMakeFiles/cmTC_a34ef.dir/CheckSymbolExists.c.o
/usr/bin/cc     -o CMakeFiles/cmTC_a34ef.dir/CheckSymbolExists.c.o   -c /home/haoran/US_UR3/build_isolated/combined_robot_hw/CMakeFiles/CMakeTmp/CheckSymbolExists.c
Linking C executable cmTC_a34ef
/usr/bin/cmake -E cmake_link_script CMakeFiles/cmTC_a34ef.dir/link.txt --verbose=1
/usr/bin/cc       CMakeFiles/cmTC_a34ef.dir/CheckSymbolExists.c.o  -o cmTC_a34ef -rdynamic 
CMakeFiles/cmTC_a34ef.dir/CheckSymbolExists.c.o: In function `main':
CheckSymbolExists.c:(.text+0x16): undefined reference to `pthread_create'
collect2: error: ld returned 1 exit status
CMakeFiles/cmTC_a34ef.dir/build.make:97: recipe for target 'cmTC_a34ef' failed
make[1]: *** [cmTC_a34ef] Error 1
make[1]: Leaving directory '/home/haoran/US_UR3/build_isolated/combined_robot_hw/CMakeFiles/CMakeTmp'
Makefile:126: recipe for target 'cmTC_a34ef/fast' failed
make: *** [cmTC_a34ef/fast] Error 2

File /home/haoran/US_UR3/build_isolated/combined_robot_hw/CMakeFiles/CMakeTmp/CheckSymbolExists.c:
/* */
#include <pthread.h>

int main(int argc, char** argv)
{
  (void)argv;
#ifndef pthread_create
  return ((int*)(&pthread_create))[argc];
#else
  (void)argc;
  return 0;
#endif
}

Determining if the function pthread_create exists in the pthreads failed with the following output:
Change Dir: /home/haoran/US_UR3/build_isolated/combined_robot_hw/CMakeFiles/CMakeTmp

Run Build Command:"/usr/bin/make" "cmTC_c902c/fast"
/usr/bin/make -f CMakeFiles/cmTC_c902c.dir/build.make CMakeFiles/cmTC_c902c.dir/build
make[1]: Entering directory '/home/haoran/US_UR3/build_isolated/combined_robot_hw/CMakeFiles/CMakeTmp'
Building C object CMakeFiles/cmTC_c902c.dir/CheckFunctionExists.c.o
/usr/bin/cc    -DCHECK_FUNCTION_EXISTS=pthread_create   -o CMakeFiles/cmTC_c902c.dir/CheckFunctionExists.c.o   -c /usr/share/cmake-3.5/Modules/CheckFunctionExists.c
Linking C executable cmTC_c902c
/usr/bin/cmake -E cmake_link_script CMakeFiles/cmTC_c902c.dir/link.txt --verbose=1
/usr/bin/cc   -DCHECK_FUNCTION_EXISTS=pthread_create    CMakeFiles/cmTC_c902c.dir/CheckFunctionExists.c.o  -o cmTC_c902c -rdynamic -lpthreads 
/usr/bin/ld: cannot find -lpthreads
collect2: error: ld returned 1 exit status
CMakeFiles/cmTC_c902c.dir/build.make:97: recipe for target 'cmTC_c902c' failed
make[1]: *** [cmTC_c902c] Error 1
make[1]: Leaving directory '/home/haoran/US_UR3/build_isolated/combined_robot_hw/CMakeFiles/CMakeTmp'
Makefile:126: recipe for target 'cmTC_c902c/fast' failed
make: *** [cmTC_c902c/fast] Error 2


